C51 COMPILER V9.00   7920_580B                                                             07/28/2019 22:24:52 PAGE 1   


C51 COMPILER V9.00, COMPILATION OF MODULE 7920_580B
OBJECT MODULE PLACED IN 7920_580b.OBJ
COMPILER INVOKED BY: E:\Keil\C51\BIN\C51.EXE 7920_580b.c BROWSE DEBUG OBJECTEXTEND

line level    source

   1          
   2          /*-----------------------------------------------
   3            名称：LCD12864 字库液晶 芯片组st7920
   4            公司：
   5            网站：
   6            编写：
   7            日期：
   8            修改： Erics C.L. YOU
   9            内容： 修改了显示数组IC_DAT为1 3 2 4顺序的bug
  10            版本：
  11          ------------------------------------------------*/
  12          #include <stdio.h>
  13          #include <math.h>
  14          #include <reg52.h>
  15          #include <string.h>
  16          /******************************************************************/
  17          /*                    定义数组                                    */
  18          /******************************************************************/
  19          unsigned char code IC_DAT[];
  20          unsigned char code IC_DAT2[];
  21          unsigned char code Photo1[];
  22          
  23          
  24          /******************************************************************/
  25          /*                    定义接口信息                                */
  26          /******************************************************************/
  27          sbit    RS =P2^4;
  28          sbit    WRD=P2^5;
  29          sbit    E=  P2^6;
  30          sbit    PSB=P2^1;
  31          sbit    RES=P2^3;
  32          
  33          /******************************************************************/
  34          /*                    函数声明                                    */
  35          /******************************************************************/
  36          void    TransferData(char data1,bit DI);
  37          void    display(void);
  38          void    display_grapic(void);
  39          void    delayms(unsigned int n);
  40          void    DisplayLine(unsigned char line1,unsigned char line2);
  41          void    DisplayGraphic(unsigned char code *adder);
  42          void    delay(unsigned int m);
  43          void    lcd_mesg(unsigned char code *adder1);
  44          
  45          //显示的是1行 31行 21行 41行
  46          unsigned char code IC_DAT[]={
  47          "去年今日此门中，" 
  48          "人面桃花相映红。"
  49          "人面不知何处去，"
  50          "桃花依旧笑春风。"
  51          };
  52          unsigned char code IC_DAT2[]={
  53          "人生若只如初见，"
  54          "何事秋风悲画扇。"
  55          "等闲变却故人心，"
C51 COMPILER V9.00   7920_580B                                                             07/28/2019 22:24:52 PAGE 2   

  56          "却道故人心易变。"
  57          };
  58          
  59          /////////////////////////////////////////////////////////////////////////
  60          // Bitmap点阵数据表                                                    //
  61          // 图片: E:\..\小猪减肥.bmp,横向取模左高位,数据排列:从左到右从上到下   //
  62          // 图片尺寸: 128 * 64                                                  //
  63          /////////////////////////////////////////////////////////////////////////
  64          unsigned char code Photo1[] =                  // 数据表
  65          {
  66                0x02,0x08,0x00,0x08,0x00,0x00,0x04,0x00,0x07,0x00,0x00,0x00,0x00,0x00,0x00,0x00,
  67                0x00,0xD0,0x06,0x04,0x08,0x03,0x02,0x00,0x38,0x80,0x00,0x00,0x00,0x00,0x00,0x00,
  68                0x41,0x00,0x09,0x43,0x00,0x04,0xA1,0x80,0x41,0xFF,0x00,0x00,0x00,0x00,0x00,0x00,
  69                0x42,0x00,0x29,0x00,0x00,0x14,0x80,0x00,0x8E,0x00,0xE7,0x00,0x00,0x00,0x00,0x00,
  70                0x32,0x88,0x29,0x30,0x04,0x14,0x98,0x00,0x70,0x00,0x1C,0x80,0x00,0x00,0x00,0x00,
  71                0x0C,0x00,0x16,0x48,0x00,0x0B,0x24,0x00,0x20,0x00,0x08,0x60,0x00,0x00,0x00,0x00,
  72                0x00,0x20,0x4D,0x80,0x00,0x26,0xC0,0x00,0x40,0x00,0x08,0x10,0x00,0x00,0x00,0x00,
  73                0x40,0x20,0x00,0x10,0x00,0x00,0x08,0x00,0x4C,0x00,0x08,0x10,0x00,0x00,0x00,0x00,
  74                0x04,0x24,0x00,0x00,0x00,0x00,0x00,0x00,0x90,0x00,0x08,0x20,0x00,0x00,0x00,0x00,
  75                0x00,0x20,0x00,0x00,0x00,0x00,0x00,0x00,0x80,0x08,0x09,0xC0,0x00,0x00,0x00,0x00,
  76                0x18,0x10,0x00,0x00,0x00,0x00,0x00,0x01,0x00,0x04,0x00,0x40,0x00,0x00,0x00,0x00,
  77                0x25,0x3F,0xC3,0xFE,0x3F,0xE0,0x00,0x01,0x10,0x04,0x00,0x40,0x00,0x00,0x00,0x00,
  78                0xA4,0x08,0x40,0x20,0x00,0x41,0x80,0x01,0x10,0x00,0x00,0x20,0x00,0x00,0x00,0x00,
  79                0xA4,0xC8,0x47,0xFF,0x00,0x83,0xC0,0x01,0x00,0x40,0x00,0x20,0x00,0x00,0x00,0x00,
  80                0x59,0x28,0x40,0x20,0x03,0x03,0xC0,0x02,0x00,0x40,0x00,0x20,0x00,0x00,0x00,0x00,
  81                0x36,0x08,0x81,0xFC,0x02,0x03,0xC0,0x02,0xF0,0x40,0x10,0x20,0x00,0x00,0x00,0x00,
  82                0x00,0x44,0x81,0x24,0x02,0x01,0x80,0x05,0x0C,0x04,0x10,0x20,0x00,0x00,0x00,0x00,
  83                0x00,0x05,0x01,0xFC,0x02,0x01,0x80,0x05,0x42,0x00,0x14,0x40,0x00,0x00,0x00,0x00,
  84                0x00,0x02,0x01,0x24,0x02,0x00,0x00,0x05,0x51,0x00,0x1C,0x40,0x00,0x00,0x00,0x00,
  85                0x00,0x05,0x03,0xFE,0x02,0x01,0x80,0x04,0x91,0x03,0xC0,0x40,0x00,0x00,0x00,0x00,
  86                0x00,0x18,0xC0,0x20,0x02,0x01,0x80,0x04,0x61,0x00,0x00,0x40,0x00,0x00,0x00,0x00,
  87                0x02,0x60,0x37,0xFF,0x0E,0x00,0x00,0x04,0x1E,0x00,0x00,0x80,0x00,0x00,0x00,0x00,
  88                0x80,0x00,0x00,0x00,0x00,0x00,0x00,0x02,0x00,0x00,0x00,0x80,0x00,0x00,0x00,0x00,
  89                0x40,0x7F,0xF4,0x0A,0x3B,0xF3,0xFE,0x01,0x01,0xF0,0x01,0x00,0x00,0x00,0x00,0x00,
  90                0x38,0x05,0x02,0x0A,0x2A,0x90,0x04,0x00,0xC7,0xF8,0x02,0x00,0x00,0x00,0x00,0x00,
  91                0x04,0x3F,0xE2,0xFF,0x2A,0x90,0x08,0x00,0x70,0xF8,0x04,0x00,0x00,0x00,0x00,0x00,
  92                0x20,0x25,0x20,0x88,0x3A,0x90,0x30,0x00,0xC7,0x00,0x08,0x00,0x00,0x00,0x00,0x00,
  93                0x00,0x3F,0xE2,0xF9,0x2B,0xF0,0x20,0x01,0x00,0x00,0xFE,0x00,0x00,0x00,0x00,0x00,
  94                0x00,0x04,0x02,0x89,0x2A,0x00,0x20,0x02,0x20,0x00,0x01,0x00,0x00,0x00,0x00,0x00,
  95                0x41,0x7F,0xF4,0xFA,0x3A,0x00,0x20,0x04,0x48,0x00,0x00,0x80,0x00,0x00,0x00,0x00,
  96                0x18,0x08,0x84,0xD4,0x2A,0x00,0x20,0x08,0x80,0x08,0x00,0x80,0x00,0x00,0x00,0x00,
  97                0x20,0x1D,0x05,0x75,0x2A,0x10,0x20,0x09,0x00,0x00,0x00,0x40,0x00,0x00,0x00,0x00,
  98                0x40,0x03,0x85,0x4B,0x4A,0x10,0x20,0x12,0x30,0x00,0x80,0x40,0x00,0x00,0x00,0x00,
  99                0x50,0x7C,0x62,0x11,0x5B,0xF0,0xE0,0x13,0x8F,0xC0,0x80,0x20,0x00,0x00,0x00,0x00,
 100                0x80,0x00,0x00,0x00,0x00,0x00,0x00,0x14,0x78,0x3F,0x00,0x20,0x00,0x00,0x00,0x00,
 101                0x04,0x00,0x00,0x00,0x00,0x00,0x00,0x20,0x03,0xC0,0x80,0x20,0x00,0x00,0x00,0x00,
 102                0x04,0x00,0x00,0x00,0x00,0x00,0x00,0x28,0x00,0x0F,0x80,0x20,0x00,0x00,0x00,0x00,
 103                0x84,0x80,0x00,0x1C,0x08,0x0E,0x04,0x28,0x00,0x00,0x40,0x20,0x00,0x00,0x00,0x00,
 104                0x04,0x1C,0x08,0x22,0x00,0x11,0x00,0x18,0x00,0x00,0x20,0x20,0x00,0x00,0x00,0x00,
 105                0x02,0x22,0x00,0x21,0x00,0x10,0x80,0x08,0x00,0x00,0x20,0x20,0x00,0x00,0x00,0x00,
 106                0xA1,0xA1,0x00,0x24,0xE0,0x12,0x70,0x10,0x00,0x00,0x30,0x20,0x00,0x00,0x00,0x00,
 107                0x80,0x24,0xE0,0x18,0x10,0x0C,0x08,0x10,0x00,0x00,0x28,0x20,0x00,0x00,0x00,0x00,
 108                0x98,0x18,0x10,0x00,0x80,0x00,0x40,0x10,0x08,0x00,0x25,0xE0,0x00,0x00,0x00,0x00,
 109                0x24,0x00,0x81,0x00,0x00,0x80,0x00,0x1A,0x08,0x00,0x22,0x20,0x00,0x00,0x00,0x00,
 110                0xC1,0x00,0x00,0x00,0x00,0x00,0x00,0x1D,0x46,0x00,0x22,0xA0,0x00,0x00,0x00,0x00,
 111                0x08,0x00,0x00,0x01,0x04,0x00,0x82,0x0F,0x93,0x40,0x21,0x40,0x00,0x00,0x00,0x00,
 112                0x00,0x00,0x00,0x00,0x00,0x00,0x00,0x00,0x00,0x00,0x00,0x00,0x00,0x00,0x00,0x00,
 113                0x00,0x00,0x00,0x00,0x00,0x00,0x00,0x00,0x00,0x00,0x00,0x00,0x00,0x00,0x00,0x00,
 114                0x00,0x00,0x00,0x00,0x00,0x00,0x00,0x00,0x00,0x00,0x00,0x00,0x00,0x00,0x00,0x00,
 115                0x00,0x00,0x00,0x00,0x00,0x00,0x00,0x00,0x00,0x00,0x00,0x00,0x00,0x00,0x00,0x00,
 116                0x00,0x00,0x00,0x00,0x00,0x00,0x00,0x00,0x00,0x00,0x00,0x00,0x00,0x00,0x00,0x00,
 117                0x00,0x00,0x00,0x00,0x00,0x00,0x00,0x00,0x00,0x00,0x00,0x00,0x00,0x00,0x00,0x00,
C51 COMPILER V9.00   7920_580B                                                             07/28/2019 22:24:52 PAGE 3   

 118                0x00,0x00,0x00,0x00,0x00,0x00,0x00,0x00,0x00,0x00,0x00,0x00,0x00,0x00,0x00,0x00,
 119                0x00,0x00,0x00,0x00,0x00,0x00,0x00,0x00,0x00,0x00,0x00,0x00,0x00,0x00,0x00,0x00,
 120                0x00,0x00,0x00,0x00,0x00,0x00,0x00,0x00,0x00,0x00,0x00,0x00,0x00,0x00,0x00,0x00,
 121                0x00,0x00,0x00,0x00,0x00,0x00,0x00,0x00,0x00,0x00,0x00,0x00,0x00,0x00,0x00,0x00,
 122                0x00,0x00,0x00,0x00,0x00,0x00,0x00,0x00,0x00,0x00,0x00,0x00,0x00,0x00,0x00,0x00,
 123                0x00,0x00,0x00,0x00,0x00,0x00,0x00,0x00,0x00,0x00,0x00,0x00,0x00,0x00,0x00,0x00,
 124                0x00,0x00,0x00,0x00,0x00,0x00,0x00,0x00,0x00,0x00,0x00,0x00,0x00,0x00,0x00,0x00,
 125                0x00,0x00,0x00,0x00,0x00,0x00,0x00,0x00,0x00,0x00,0x00,0x00,0x00,0x00,0x00,0x00,
 126                0x00,0x00,0x00,0x00,0x00,0x00,0x00,0x00,0x00,0x00,0x00,0x00,0x00,0x00,0x00,0x00,
 127                0x00,0x00,0x00,0x00,0x00,0x00,0x00,0x00,0x00,0x00,0x00,0x00,0x00,0x00,0x00,0x00,
 128                0x00,0x00,0x00,0x00,0x00,0x00,0x00,0x00,0x00,0x00,0x00,0x00,0x00,0x00,0x00,0x00,
 129                0x00,0x00,0x00,0x00,0x00,0x00,0x00,0x00,0x00,0x00,0x00,0x00,0x00,0x00,0x00,0x00
 130          };
 131          
 132          
 133          /******************************************************************/
 134          /*                   液晶初始化-字库                              */
 135          /******************************************************************/
 136          void   initinal(void)           //LCD字库初始化程序
 137                 {
 138   1                 delay(40);             //大于40MS的延时程序
 139   1                 PSB=1;                 //设置为8BIT并口工作模式
 140   1                 delay(1);              //延时
 141   1                 RES=0;                 //复位
 142   1                 delay(1);              //延时
 143   1                 RES=1;                 //复位置高
 144   1                 delay(10);
 145   1                 TransferData(0x30,0);  //Extended Function Set :8BIT设置,RE=0: basic instruction set, G=0 :grap
             -hic display OFF
 146   1                 delay(100);            //大于100uS的延时程序
 147   1                 TransferData(0x30,0);  //Function Set
 148   1                 delay(37);             ////大于37uS的延时程序
 149   1                 TransferData(0x08,0);  //Display on Control
 150   1                 delay(100);            //大于100uS的延时程序
 151   1                 TransferData(0x10,0);  //Cursor Display Control光标设置
 152   1                 delay(100);            //大于100uS的延时程序
 153   1                 TransferData(0x0C,0);  //Display Control,D=1,显示开
 154   1                 delay(100);            //大于100uS的延时程序
 155   1                 TransferData(0x01,0);  //Display Clear
 156   1                 delay(10);             //大于10mS的延时程序
 157   1                 TransferData(0x06,0);  //Enry Mode Set,光标从右向左加1位移动
 158   1                 delay(100);            //大于100uS的延时程序
 159   1              }
 160          
 161          /******************************************************************/
 162          /*                    液晶初始化-图形                             */
 163          /******************************************************************/
 164          void     initina2(void)           //LCD显示图片(扩展)初始化程序
 165                    {
 166   1                 delay(40);             //大于40MS的延时程序
 167   1                 PSB=1;                 //设置为8BIT并口工作模式
 168   1                 delay(1);              //延时
 169   1                 RES=0;                 //复位
 170   1                 delay(1);              //延时
 171   1                 RES=1;                 //复位置高
 172   1                 delay(10);
 173   1      
 174   1                 TransferData(0x36,0);  //Extended Function Set RE=1: extended instruction
 175   1                 delay(100);            //大于100uS的延时程序
 176   1                 TransferData(0x36,0);  //Extended Function Set:RE=1: extended instruction set
 177   1                 delay(37);             ////大于37uS的延时程序
 178   1                 TransferData(0x3E,0);  //EXFUNCTION(DL=8BITS,RE=1,G=1)
C51 COMPILER V9.00   7920_580B                                                             07/28/2019 22:24:52 PAGE 4   

 179   1                 delay(100);            //大于100uS的延时程序
 180   1                 TransferData(0x01,0);  //CLEAR SCREEN
 181   1                 delay(100);            //大于100uS的延时程序
 182   1                }
 183          
 184          /******************************************************************/
 185          /*                    主程序                                      */
 186          /******************************************************************/
 187          void  main(void)
 188               {
 189   1              while(1)
 190   1                  {
 191   2                        initina2();            //调用LCD显示图片(扩展)初始化程序
 192   2                        delayms(200);
 193   2                DisplayGraphic(Photo1);  //显示图片1
 194   2                delayms(500);
 195   2      
 196   2                initinal();                    //调用LCD字库初始化程序
 197   2                delay(100);            //大于100uS的延时程序
 198   2                lcd_mesg(IC_DAT);      //显示中文汉字1
 199   2                delayms(240);
 200   2                delayms(240);
 201   2                
 202   2                initinal();                    //调用LCD字库初始化程序
 203   2                delay(100);            //大于100uS的延时程序 
 204   2                lcd_mesg(IC_DAT2);     //显示中文汉字2
 205   2                delayms(240);
 206   2                        delayms(240);
 207   2              }
 208   1            }
 209          
 210          /******************************************************************/
 211          /*                    函数声明                                    */
 212          /******************************************************************/
 213          
 214          void lcd_mesg(unsigned char code *adder1)
 215          {
 216   1              unsigned char i;
 217   1          TransferData(0x80,0);  //Set Graphic Display RAM Address
 218   1          delay(100);
 219   1              for(i=0;i<16;i++)
 220   1              {
 221   2                      TransferData(*adder1,1);
 222   2                      adder1++;
 223   2              }
 224   1      
 225   1           TransferData(0x90,0);  //Set Graphic Display RAM Address
 226   1            delay(100);
 227   1              for(i=0;i<16;i++)
 228   1                      {
 229   2                              TransferData(*adder1,1);
 230   2                              adder1++;
 231   2                      }
 232   1                TransferData(0x88,0);  //Set Graphic Display RAM Address
 233   1          delay(100);
 234   1              for(i=0;i<16;i++)
 235   1              {
 236   2                      TransferData(*adder1,1);
 237   2                      adder1++;
 238   2              }
 239   1      
 240   1           TransferData(0x98,0);  //Set Graphic Display RAM Address
C51 COMPILER V9.00   7920_580B                                                             07/28/2019 22:24:52 PAGE 5   

 241   1            delay(100);
 242   1              for(i=0;i<16;i++)
 243   1                      {
 244   2                              TransferData(*adder1,1);
 245   2                              adder1++;
 246   2                      }
 247   1               
 248   1      
 249   1      }
 250          
 251          
 252          
 253          /******************************************************************/
 254          /*                    函数声明                                    */
 255          /******************************************************************/
 256          void   TransferData(char data1,bit DI)  //传送数据或者命令,当DI=0是,传送命令,当DI=1,传送数据.
 257                  {
 258   1                  WRD=0;
 259   1                  RS=DI;
 260   1                  delay(1);
 261   1                  P0=data1;
 262   1                  E=1;
 263   1                  delay(1);
 264   1                  E=0;
 265   1                 }
 266          
 267          void    delayms(unsigned int n)            //延时10×n毫秒程序
 268                             {
 269   1                            unsigned int i,j;
 270   1                            for(i=0;i<n;i++)
 271   1                               for(j=0;j<2000;j++);
 272   1                         }
 273          
 274          void    delay(unsigned int m)            //延时程序
 275                             {
 276   1                            unsigned int i,j;
 277   1                            for(i=0;i<m;i++)
 278   1                               for(j=0;j<10;j++);
 279   1                         }


MODULE INFORMATION:   STATIC OVERLAYABLE
   CODE SIZE        =    512    ----
   CONSTANT SIZE    =   1154    ----
   XDATA SIZE       =   ----    ----
   PDATA SIZE       =   ----    ----
   DATA SIZE        =   ----       4
   IDATA SIZE       =   ----    ----
   BIT SIZE         =   ----       1
END OF MODULE INFORMATION.


C51 COMPILATION COMPLETE.  0 WARNING(S),  0 ERROR(S)
